<?xml version="1.0" encoding="UTF-8"?>
<testng-results skipped="0" failed="0" total="2" passed="2">
  <reporter-output>
  </reporter-output>
  <suite name="Default suite" duration-ms="183570" started-at="2013-02-15T09:55:57Z" finished-at="2013-02-15T09:59:00Z">
    <groups>
    </groups>
    <test name="Default test" duration-ms="183570" started-at="2013-02-15T09:55:57Z" finished-at="2013-02-15T09:59:00Z">
      <class name="roark.drivers.CBT_ParallelDriver">
        <test-method status="PASS" signature="suiteDriver(java.lang.String)[pri:0, instance:roark.drivers.CBT_ParallelDriver@d2d8c7]" name="suiteDriver" duration-ms="183550" started-at="2013-02-15T15:25:57Z" data-provider="datasets" finished-at="2013-02-15T15:29:00Z">
          <params>
            <param index="0">
              <value>
                <![CDATA[FIREFOX]]>
              </value>
            </param>
          </params>
          <reporter-output>
          </reporter-output>
        </test-method> <!-- suiteDriver -->
        <test-method status="PASS" signature="suiteDriver(java.lang.String)[pri:0, instance:roark.drivers.CBT_ParallelDriver@d2d8c7]" name="suiteDriver" duration-ms="33160" started-at="2013-02-15T15:25:57Z" data-provider="datasets" finished-at="2013-02-15T15:26:30Z">
          <params>
            <param index="0">
              <value>
                <![CDATA[GOOGLECHROME]]>
              </value>
            </param>
          </params>
          <reporter-output>
          </reporter-output>
        </test-method> <!-- suiteDriver -->
      </class> <!-- roark.drivers.CBT_ParallelDriver -->
    </test> <!-- Default test -->
  </suite> <!-- Default suite -->
</testng-results>
